
In the Zone Central Valley  Tournament #4
2017 Kern Robotics Middle School League
Gael Force Battle of the Bay
2017 Kern Robotics High School League
7th Annual VEX Robotics Tournament (In the Zone)
South San Diego VEX Tournament 
In the Zone Central Valley  Tournament #3
Battle of the North II
2017 VCOE In the Zone Tournament
2017 North San Diego VEX Regional
In the Zone Central Valley  Tournament #2
2017 VEX Clash in the Canyon
1st Annual Spartan Championship-High School
2017 VEX Jets Joe Walker Middle school In The Zone Middle School only
In the Zone Central Valley 
2017 Poway Days Robot Rodeo
Central Valley In The Zone League
2017 California High Desert VEX Robotics High School League 
Northern New York State  Middle School VEX Championships
Northern New York State  High School VEX Championships
Catskills VEXU Tournament
Harvey School "In the Zone" VRC Qualifier
***Syracuse City School District Intercity VEX Tournament***
IDesign East Rockaway HS Southern NY Regional Qualifier - In The Zone
Elmira Express VEX In the Zone VRC
Lansingburgh BOTS TAKE BURGH VRC 2017-2018
********Bville In The Zone********
Bodley Bot Bash
Farmingdale In the Zone Qualifier
Tioga In the Zone
Liverpool VEX Robotics Competition
VCAT VEX-U Fall Scrimmage
Catskill New Bot Battle - VRC In The Zone